---------------------------------------------------------------

[2020-07-01T13:23:24+08:00] 127.0.0.1 GET fish.com/admin
[运行时间：1.722624s] [吞吐率：0.58req/s] [内存消耗：1,593.97kb] [文件加载：71]
[ info ] [ LANG ] F:\Project\fish\thinkphp\lang\zh-cn.php
---------------------------------------------------------------

[2020-07-01T13:23:29+08:00] 127.0.0.1 GET fish.com/admin.php/admin
[运行时间：5.043582s] [吞吐率：0.20req/s] [内存消耗：3,674.98kb] [文件加载：120]
[ info ] [ LANG ] F:\Project\fish\thinkphp\lang\zh-cn.php
[ info ] [ DB ] INIT mysql
[ info ] [ ROUTE ] array (
)
[ info ] [ HEADER ] array (
  'cookie' => 'PHPSESSID=b7eu6atqtfna2nl7js430i8qap; dolphin___forward__=%2Fadmin.php%2Fuser%2Findex%2Findex.html',
  'accept-language' => 'zh-CN,zh;q=0.9',
  'accept-encoding' => 'gzip, deflate',
  'accept' => 'text/html,application/xhtml+xml,application/xml;q=0.9,image/webp,image/apng,*/*;q=0.8,application/signed-exchange;v=b3;q=0.9',
  'user-agent' => 'Mozilla/5.0 (Windows NT 10.0; Win64; x64) AppleWebKit/537.36 (KHTML, like Gecko) Chrome/83.0.4103.97 Safari/537.36',
  'upgrade-insecure-requests' => '1',
  'connection' => 'close',
  'host' => 'fish.com',
)
[ info ] [ PARAM ] array (
)
[ info ] [ VIEW ] F:\Project\fish\application\admin\view\index\index.html [ array (
  0 => '_admin_base_layout',
  1 => 'system_color',
  2 => '_pop',
  3 => '_top_menus',
  4 => '_top_menus_all',
  5 => '_sidebar_menus',
  6 => '_location',
  7 => '_message',
  8 => '_icons',
  9 => 'aside',
  10 => 'default_pass',
) ]
[ info ] [ VIEW ] F:\Project\fish\plugins/SystemInfo/view/widget.html [ array (
  0 => '_admin_base_layout',
  1 => 'system_color',
  2 => '_pop',
  3 => '_top_menus',
  4 => '_top_menus_all',
  5 => '_sidebar_menus',
  6 => '_location',
  7 => '_message',
  8 => '_icons',
  9 => 'aside',
  10 => 'default_pass',
  11 => 'display',
  12 => 'width',
) ]
[ info ] [ DB ] INIT mysql
[ info ] [ VIEW ] F:\Project\fish\plugins/DevTeam/view/widget.html [ array (
  0 => '_admin_base_layout',
  1 => 'system_color',
  2 => '_pop',
  3 => '_top_menus',
  4 => '_top_menus_all',
  5 => '_sidebar_menus',
  6 => '_location',
  7 => '_message',
  8 => '_icons',
  9 => 'aside',
  10 => 'default_pass',
  11 => 'display',
  12 => 'width',
) ]
[ sql ] [ DB ] CONNECT:[ UseTime:0.014692s ] mysql:host=127.0.0.1;port=3306;dbname=fish;charset=utf8
[ sql ] [ SQL ] SHOW COLUMNS FROM `dp_admin_config` [ RunTime:0.062779s ]
[ sql ] [ SQL ] SELECT `name`,`value`,`type` FROM `dp_admin_config` [ RunTime:0.001808s ]
[ sql ] [ SQL ] SHOW COLUMNS FROM `dp_admin_module` [ RunTime:0.056696s ]
[ sql ] [ SQL ] SELECT `name`,`config` FROM `dp_admin_module` WHERE  `config` <> '' [ RunTime:0.000832s ]
[ sql ] [ SQL ] SHOW COLUMNS FROM `dp_admin_hook` [ RunTime:0.171518s ]
[ sql ] [ SQL ] SELECT `name`,`status` FROM `dp_admin_hook` WHERE  `status` = 1 [ RunTime:0.000533s ]
[ sql ] [ SQL ] SHOW COLUMNS FROM `dp_admin_plugin` [ RunTime:0.049151s ]
[ sql ] [ SQL ] SELECT `name`,`status` FROM `dp_admin_plugin` WHERE  `status` = 1 [ RunTime:0.000546s ]
[ sql ] [ SQL ] SHOW COLUMNS FROM `dp_admin_hook_plugin` [ RunTime:0.044279s ]
[ sql ] [ SQL ] SELECT * FROM `dp_admin_hook_plugin` WHERE  `status` = 1 ORDER BY `hook`,`sort` [ RunTime:0.001261s ]
[ sql ] [ SQL ] SHOW COLUMNS FROM `dp_admin_role` [ RunTime:0.059657s ]
[ sql ] [ SQL ] SELECT `menu_auth` FROM `dp_admin_role` WHERE  `id` = 1 LIMIT 1 [ RunTime:0.000793s ]
[ sql ] [ SQL ] SHOW COLUMNS FROM `dp_admin_menu` [ RunTime:0.252844s ]
[ sql ] [ SQL ] SELECT `id`,`url_value` FROM `dp_admin_menu` WHERE  `id` = in [ RunTime:0.000759s ]
[ sql ] [ SQL ] SELECT `id`,`pid`,`module`,`title`,`url_value`,`url_type`,`url_target`,`icon`,`params` FROM `dp_admin_menu` WHERE  `status` = 1  AND `pid` = 0 ORDER BY `sort`,`id` [ RunTime:0.000888s ]
[ sql ] [ SQL ] SELECT `id`,`pid`,`module`,`title`,`url_value`,`url_type`,`url_target`,`icon`,`params` FROM `dp_admin_menu` WHERE  `status` = 1  AND `pid` = 0 ORDER BY `sort`,`id` [ RunTime:0.000727s ]
[ sql ] [ SQL ] SELECT `id` FROM `dp_admin_menu` WHERE  `pid` <> 0  AND `url_value` = 'admin/index/index' LIMIT 1 [ RunTime:0.000509s ]
[ sql ] [ SQL ] SELECT `id`,`pid`,`title`,`url_value`,`params` FROM `dp_admin_menu` [ RunTime:0.001001s ]
[ sql ] [ SQL ] SELECT `id`,`pid`,`module`,`title`,`url_value`,`url_type`,`url_target`,`icon`,`params` FROM `dp_admin_menu` WHERE  `status` = 1 ORDER BY `sort`,`id` [ RunTime:0.002809s ]
[ sql ] [ SQL ] SELECT `id` FROM `dp_admin_menu` WHERE  `pid` <> 0  AND `url_value` = 'admin/index/index' LIMIT 1 [ RunTime:0.000670s ]
[ sql ] [ SQL ] SELECT `id`,`pid`,`title`,`url_value`,`params` FROM `dp_admin_menu` [ RunTime:0.000568s ]
[ sql ] [ SQL ] SHOW COLUMNS FROM `dp_admin_message` [ RunTime:0.058385s ]
[ sql ] [ SQL ] SELECT COUNT(*) AS tp_count FROM `dp_admin_message` WHERE  `status` = 0  AND `uid_receive` = 1 [ RunTime:0.000718s ]
[ sql ] [ SQL ] SHOW COLUMNS FROM `dp_admin_icon` [ RunTime:0.048371s ]
[ sql ] [ SQL ] SELECT * FROM `dp_admin_icon` WHERE  `status` = 1 [ RunTime:0.000775s ]
[ sql ] [ SQL ] SELECT `value` FROM `dp_admin_config` WHERE  `id` = 1 LIMIT 1 [ RunTime:0.000491s ]
[ sql ] [ SQL ] SHOW COLUMNS FROM `dp_admin_user` [ RunTime:0.048019s ]
[ sql ] [ SQL ] SELECT `password` FROM `dp_admin_user` WHERE  `id` = 1 LIMIT 1 [ RunTime:0.000545s ]
[ sql ] [ SQL ] SELECT `avatar` FROM `dp_admin_user` WHERE  `id` = 1 LIMIT 1 [ RunTime:0.000848s ]
[ sql ] [ SQL ] SHOW COLUMNS FROM `dp_admin_attachment` [ RunTime:0.097252s ]
[ sql ] [ SQL ] SELECT * FROM `dp_admin_attachment` WHERE  `id` = 1132 LIMIT 1 [ RunTime:0.000634s ]
[ sql ] [ SQL ] SELECT `avatar` FROM `dp_admin_user` WHERE  `id` = 1 LIMIT 1 [ RunTime:0.000583s ]
[ sql ] [ SQL ] SELECT * FROM `dp_admin_attachment` WHERE  `id` = 1132 LIMIT 1 [ RunTime:0.000593s ]
[ sql ] [ SQL ] SELECT `config` FROM `dp_admin_plugin` WHERE  `name` = 'SystemInfo' LIMIT 1 [ RunTime:0.000735s ]
[ sql ] [ DB ] CONNECT:[ UseTime:0.010934s ] mysql:host=127.0.0.1;port=3306;dbname=fish;charset=utf8
[ sql ] [ SQL ] select version() as version [ RunTime:0.000362s ]
[ sql ] [ SQL ] SELECT `config` FROM `dp_admin_plugin` WHERE  `name` = 'DevTeam' LIMIT 1 [ RunTime:0.000645s ]
---------------------------------------------------------------

[2020-07-01T13:23:31+08:00] 127.0.0.1 GET fish.com/admin.php/admin/index/checkupdate.html
[运行时间：0.705764s] [吞吐率：1.42req/s] [内存消耗：3,122.13kb] [文件加载：102]
[ info ] [ LANG ] F:\Project\fish\thinkphp\lang\zh-cn.php
[ info ] [ DB ] INIT mysql
[ info ] [ ROUTE ] array (
)
[ info ] [ HEADER ] array (
  'cookie' => 'PHPSESSID=b7eu6atqtfna2nl7js430i8qap; dolphin___forward__=%2Fadmin.php%2Fuser%2Findex%2Findex.html',
  'accept-language' => 'zh-CN,zh;q=0.9',
  'accept-encoding' => 'gzip, deflate',
  'referer' => 'http://fish.com/admin.php/admin',
  'x-requested-with' => 'XMLHttpRequest',
  'user-agent' => 'Mozilla/5.0 (Windows NT 10.0; Win64; x64) AppleWebKit/537.36 (KHTML, like Gecko) Chrome/83.0.4103.97 Safari/537.36',
  'accept' => '*/*',
  'connection' => 'close',
  'host' => 'fish.com',
)
[ info ] [ PARAM ] array (
)
[ info ] [ DB ] INIT mysql
[ sql ] [ DB ] CONNECT:[ UseTime:0.001223s ] mysql:host=127.0.0.1;port=3306;dbname=fish;charset=utf8
[ sql ] [ SQL ] SHOW COLUMNS FROM `dp_admin_config` [ RunTime:0.032116s ]
[ sql ] [ SQL ] SELECT `name`,`value`,`type` FROM `dp_admin_config` [ RunTime:0.000968s ]
[ sql ] [ SQL ] SHOW COLUMNS FROM `dp_admin_module` [ RunTime:0.049734s ]
[ sql ] [ SQL ] SELECT `name`,`config` FROM `dp_admin_module` WHERE  `config` <> '' [ RunTime:0.000878s ]
[ sql ] [ SQL ] SHOW COLUMNS FROM `dp_admin_hook` [ RunTime:0.026117s ]
[ sql ] [ SQL ] SELECT `name`,`status` FROM `dp_admin_hook` WHERE  `status` = 1 [ RunTime:0.000989s ]
[ sql ] [ SQL ] SHOW COLUMNS FROM `dp_admin_plugin` [ RunTime:0.021903s ]
[ sql ] [ SQL ] SELECT `name`,`status` FROM `dp_admin_plugin` WHERE  `status` = 1 [ RunTime:0.000471s ]
[ sql ] [ SQL ] SHOW COLUMNS FROM `dp_admin_hook_plugin` [ RunTime:0.021416s ]
[ sql ] [ SQL ] SELECT * FROM `dp_admin_hook_plugin` WHERE  `status` = 1 ORDER BY `hook`,`sort` [ RunTime:0.000467s ]
[ sql ] [ SQL ] SHOW COLUMNS FROM `dp_admin_role` [ RunTime:0.029713s ]
[ sql ] [ SQL ] SELECT `menu_auth` FROM `dp_admin_role` WHERE  `id` = 1 LIMIT 1 [ RunTime:0.000774s ]
[ sql ] [ SQL ] SHOW COLUMNS FROM `dp_admin_menu` [ RunTime:0.032224s ]
[ sql ] [ SQL ] SELECT `id`,`url_value` FROM `dp_admin_menu` WHERE  `id` = in [ RunTime:0.000594s ]
[ sql ] [ DB ] CONNECT:[ UseTime:0.012555s ] mysql:host=127.0.0.1;port=3306;dbname=fish;charset=utf8
[ sql ] [ SQL ] select version() as version [ RunTime:0.000487s ]
