---------------------------------------------------------------

[2020-06-29T08:56:55+08:00] 127.0.0.1 GET fish.com/index.php/index/index/index.html
[运行时间：0.498073s] [吞吐率：2.01req/s] [内存消耗：3,420.52kb] [文件加载：111]
[ info ] [ LANG ] F:\Project\fish\thinkphp\lang\zh-cn.php
[ info ] [ DB ] INIT mysql
[ info ] [ ROUTE ] array (
)
[ info ] [ HEADER ] array (
  'cookie' => 'PHPSESSID=b7eu6atqtfna2nl7js430i8qap; dolphin___forward__=%2Fadmin.php%2Fadmin%2Fnavigation%2Findex.html',
  'accept-language' => 'zh-CN,zh;q=0.9',
  'accept-encoding' => 'gzip, deflate',
  'referer' => 'http://fish.com/index.php/index/contact/message.html',
  'accept' => 'text/html,application/xhtml+xml,application/xml;q=0.9,image/webp,image/apng,*/*;q=0.8,application/signed-exchange;v=b3;q=0.9',
  'user-agent' => 'Mozilla/5.0 (Windows NT 10.0; Win64; x64) AppleWebKit/537.36 (KHTML, like Gecko) Chrome/83.0.4103.97 Safari/537.36',
  'upgrade-insecure-requests' => '1',
  'cache-control' => 'max-age=0',
  'connection' => 'close',
  'host' => 'fish.com',
)
[ info ] [ PARAM ] array (
)
[ info ] [ VIEW ] F:\Project\fish\application\index\view\index\index.html [ array (
  0 => 'title',
  1 => 'config',
  2 => 'nav',
  3 => 'footer',
  4 => 'menu',
  5 => 'nav_pid',
  6 => 'nav_id',
  7 => 'product',
  8 => 'banner',
  9 => 'store',
  10 => 'news',
) ]
[ sql ] [ DB ] CONNECT:[ UseTime:0.005353s ] mysql:host=127.0.0.1;port=3306;dbname=fish;charset=utf8
[ sql ] [ SQL ] SHOW COLUMNS FROM `dp_admin_config` [ RunTime:0.031247s ]
[ sql ] [ SQL ] SELECT `name`,`value`,`type` FROM `dp_admin_config` [ RunTime:0.002045s ]
[ sql ] [ SQL ] SHOW COLUMNS FROM `dp_admin_module` [ RunTime:0.014466s ]
[ sql ] [ SQL ] SELECT `name`,`config` FROM `dp_admin_module` WHERE  `config` <> '' [ RunTime:0.001551s ]
[ sql ] [ SQL ] SHOW COLUMNS FROM `dp_admin_hook` [ RunTime:0.016378s ]
[ sql ] [ SQL ] SELECT `name`,`status` FROM `dp_admin_hook` WHERE  `status` = 1 [ RunTime:0.001564s ]
[ sql ] [ SQL ] SHOW COLUMNS FROM `dp_admin_plugin` [ RunTime:0.014964s ]
[ sql ] [ SQL ] SELECT `name`,`status` FROM `dp_admin_plugin` WHERE  `status` = 1 [ RunTime:0.000427s ]
[ sql ] [ SQL ] SHOW COLUMNS FROM `dp_admin_hook_plugin` [ RunTime:0.014596s ]
[ sql ] [ SQL ] SELECT * FROM `dp_admin_hook_plugin` WHERE  `status` = 1 ORDER BY `hook`,`sort` [ RunTime:0.000540s ]
[ sql ] [ SQL ] SHOW COLUMNS FROM `dp_home_navigation` [ RunTime:0.015019s ]
[ sql ] [ SQL ] SELECT `id`,`pid`,`title` FROM `dp_home_navigation` WHERE  `url_value` = 'index/index/index'  AND `pid` <> 0 LIMIT 1 [ RunTime:0.002433s ]
[ sql ] [ SQL ] SELECT `id`,`title` FROM `dp_home_navigation` WHERE  `url_value` = 'index/index/index'  AND `pid` = 0 LIMIT 1 [ RunTime:0.000484s ]
[ sql ] [ SQL ] SELECT `id`,`title`,`alt`,`url_value`,`params` FROM `dp_home_navigation` WHERE  `pid` = 1 ORDER BY `sort` [ RunTime:0.000466s ]
[ sql ] [ SQL ] SHOW COLUMNS FROM `dp_home_page_img` [ RunTime:0.016454s ]
[ sql ] [ SQL ] SELECT `id`,`alt`,`title`,`img` FROM `dp_home_page_img` WHERE  ( find_in_set('1',pid) ) ORDER BY `sort` LIMIT 1 [ RunTime:0.002232s ]
[ sql ] [ SQL ] SHOW COLUMNS FROM `dp_configuration` [ RunTime:0.018679s ]
[ sql ] [ SQL ] SELECT * FROM `dp_configuration` WHERE  `id` = 1 LIMIT 1 [ RunTime:0.000635s ]
[ sql ] [ SQL ] SELECT `id`,`title`,`alt`,`url_value`,`params` FROM `dp_home_navigation` WHERE  `pid` = 0  AND `status` = 1 ORDER BY `sort` [ RunTime:0.000544s ]
[ sql ] [ SQL ] SELECT `id`,`title`,`alt`,`url_value`,`params` FROM `dp_home_navigation` WHERE  `pid` = 1  AND `status` = 1 ORDER BY `sort` [ RunTime:0.000340s ]
[ sql ] [ SQL ] SELECT `id`,`title`,`alt`,`url_value`,`params` FROM `dp_home_navigation` WHERE  `pid` = 38  AND `status` = 1 ORDER BY `sort` [ RunTime:0.000549s ]
[ sql ] [ SQL ] SELECT `id`,`title`,`alt`,`url_value`,`params` FROM `dp_home_navigation` WHERE  `pid` = 43  AND `status` = 1 ORDER BY `sort` [ RunTime:0.000447s ]
[ sql ] [ SQL ] SELECT `id`,`title`,`alt`,`url_value`,`params` FROM `dp_home_navigation` WHERE  `pid` = 50  AND `status` = 1 ORDER BY `sort` [ RunTime:0.000386s ]
[ sql ] [ SQL ] SELECT `id`,`title`,`alt`,`url_value`,`params` FROM `dp_home_navigation` WHERE  `pid` = 53  AND `status` = 1 ORDER BY `sort` [ RunTime:0.000343s ]
[ sql ] [ SQL ] SELECT `id`,`title`,`alt`,`url_value`,`params` FROM `dp_home_navigation` WHERE  `pid` = 58  AND `status` = 1 ORDER BY `sort` [ RunTime:0.000389s ]
[ sql ] [ SQL ] SELECT `id`,`title`,`alt`,`url_value`,`params` FROM `dp_home_navigation` WHERE  `pid` = 66  AND `status` = 1 ORDER BY `sort` [ RunTime:0.000306s ]
[ sql ] [ SQL ] SELECT `id`,`title`,`alt`,`url_value`,`params` FROM `dp_home_navigation` WHERE  `pid` = 63  AND `status` = 1 ORDER BY `sort` [ RunTime:0.000379s ]
[ sql ] [ SQL ] SELECT `id`,`title`,`alt`,`url_value`,`params` FROM `dp_home_navigation` WHERE  `pid` = 0  AND `footer` = 1 ORDER BY `sort` [ RunTime:0.000433s ]
[ sql ] [ SQL ] SELECT `id`,`title`,`alt`,`url_value`,`params` FROM `dp_home_navigation` WHERE  `pid` = 38  AND `footer` = 1 ORDER BY `sort` [ RunTime:0.000398s ]
[ sql ] [ SQL ] SELECT `id`,`title`,`alt`,`url_value`,`params` FROM `dp_home_navigation` WHERE  `pid` = 43  AND `footer` = 1 ORDER BY `sort` [ RunTime:0.000430s ]
[ sql ] [ SQL ] SELECT `id`,`title`,`alt`,`url_value`,`params` FROM `dp_home_navigation` WHERE  `pid` = 50  AND `footer` = 1 ORDER BY `sort` [ RunTime:0.000396s ]
[ sql ] [ SQL ] SELECT `id`,`title`,`alt`,`url_value`,`params` FROM `dp_home_navigation` WHERE  `pid` = 53  AND `footer` = 1 ORDER BY `sort` [ RunTime:0.000395s ]
[ sql ] [ SQL ] SELECT `id`,`title`,`alt`,`url_value`,`params` FROM `dp_home_navigation` WHERE  `pid` = 58  AND `footer` = 1 ORDER BY `sort` [ RunTime:0.000370s ]
[ sql ] [ SQL ] SELECT `id`,`title`,`alt`,`url_value`,`params` FROM `dp_home_navigation` WHERE  `pid` = 66  AND `footer` = 1 ORDER BY `sort` [ RunTime:0.000418s ]
[ sql ] [ SQL ] SELECT `id`,`title`,`alt`,`url_value`,`params` FROM `dp_home_navigation` WHERE  `pid` = 63  AND `footer` = 1 ORDER BY `sort` [ RunTime:0.000745s ]
[ sql ] [ SQL ] SHOW COLUMNS FROM `dp_home_product` [ RunTime:0.017635s ]
[ sql ] [ SQL ] SELECT `id`,`title`,`desc`,`img` FROM `dp_home_product` WHERE  `is_tui` = 1 ORDER BY `id`,`sort` LIMIT 4 [ RunTime:0.001251s ]
[ sql ] [ SQL ] SHOW COLUMNS FROM `dp_home_banner` [ RunTime:0.017593s ]
[ sql ] [ SQL ] SELECT `id`,`img`,`alt`,`title` FROM `dp_home_banner` WHERE  `status` = 1 ORDER BY `sort` [ RunTime:0.000587s ]
[ sql ] [ SQL ] SHOW COLUMNS FROM `dp_home_store` [ RunTime:0.013718s ]
[ sql ] [ SQL ] SELECT `id`,`title`,`desc`,`img` FROM `dp_home_store` WHERE  `is_tui` = 1 ORDER BY `id`,`sort` LIMIT 20 [ RunTime:0.002639s ]
[ sql ] [ SQL ] SHOW COLUMNS FROM `dp_home_news` [ RunTime:0.019944s ]
[ sql ] [ SQL ] SELECT `id`,`title`,`desc`,`img`,`time` FROM `dp_home_news` WHERE  `is_tui` = 1 ORDER BY `id`,`sort` LIMIT 12 [ RunTime:0.012850s ]
[ sql ] [ SQL ] SHOW COLUMNS FROM `dp_admin_attachment` [ RunTime:0.017830s ]
[ sql ] [ SQL ] SELECT * FROM `dp_admin_attachment` WHERE  `id` = 1116 LIMIT 1 [ RunTime:0.001144s ]
[ sql ] [ SQL ] SELECT * FROM `dp_admin_attachment` WHERE  `id` = 1128 LIMIT 1 [ RunTime:0.000636s ]
[ sql ] [ SQL ] SELECT * FROM `dp_admin_attachment` WHERE  `id` = 1122 LIMIT 1 [ RunTime:0.000329s ]
[ sql ] [ SQL ] SELECT * FROM `dp_admin_attachment` WHERE  `id` = 1129 LIMIT 1 [ RunTime:0.000576s ]
[ sql ] [ SQL ] SELECT * FROM `dp_admin_attachment` WHERE  `id` = 1130 LIMIT 1 [ RunTime:0.000869s ]
[ sql ] [ SQL ] SELECT * FROM `dp_admin_attachment` WHERE  `id` = 804 LIMIT 1 [ RunTime:0.000805s ]
[ sql ] [ SQL ] SELECT * FROM `dp_admin_attachment` WHERE  `id` = 805 LIMIT 1 [ RunTime:0.000490s ]
[ sql ] [ SQL ] SELECT * FROM `dp_admin_attachment` WHERE  `id` = 825 LIMIT 1 [ RunTime:0.000610s ]
[ sql ] [ SQL ] SELECT * FROM `dp_admin_attachment` WHERE  `id` = 826 LIMIT 1 [ RunTime:0.000529s ]
[ sql ] [ SQL ] SELECT * FROM `dp_admin_attachment` WHERE  `id` = 861 LIMIT 1 [ RunTime:0.000564s ]
[ sql ] [ SQL ] SELECT * FROM `dp_admin_attachment` WHERE  `id` = 862 LIMIT 1 [ RunTime:0.000486s ]
[ sql ] [ SQL ] SELECT * FROM `dp_admin_attachment` WHERE  `id` = 863 LIMIT 1 [ RunTime:0.000382s ]
[ sql ] [ SQL ] SELECT * FROM `dp_admin_attachment` WHERE  `id` = 864 LIMIT 1 [ RunTime:0.000388s ]
[ sql ] [ SQL ] SELECT * FROM `dp_admin_attachment` WHERE  `id` = 865 LIMIT 1 [ RunTime:0.000331s ]
[ sql ] [ SQL ] SELECT * FROM `dp_admin_attachment` WHERE  `id` = 866 LIMIT 1 [ RunTime:0.000385s ]
[ sql ] [ SQL ] SELECT * FROM `dp_admin_attachment` WHERE  `id` = 867 LIMIT 1 [ RunTime:0.000330s ]
[ sql ] [ SQL ] SELECT * FROM `dp_admin_attachment` WHERE  `id` = 2 LIMIT 1 [ RunTime:0.000710s ]
[ sql ] [ SQL ] SELECT * FROM `dp_admin_attachment` WHERE  `id` = 72 LIMIT 1 [ RunTime:0.000602s ]
[ sql ] [ SQL ] SELECT * FROM `dp_admin_attachment` WHERE  `id` = 76 LIMIT 1 [ RunTime:0.000457s ]
[ sql ] [ SQL ] SELECT * FROM `dp_admin_attachment` WHERE  `id` = 123 LIMIT 1 [ RunTime:0.002223s ]
[ sql ] [ SQL ] SELECT * FROM `dp_admin_attachment` WHERE  `id` = 138 LIMIT 1 [ RunTime:0.000810s ]
[ sql ] [ SQL ] SELECT * FROM `dp_admin_attachment` WHERE  `id` = 179 LIMIT 1 [ RunTime:0.001808s ]
[ sql ] [ SQL ] SELECT * FROM `dp_admin_attachment` WHERE  `id` = 180 LIMIT 1 [ RunTime:0.001346s ]
[ sql ] [ SQL ] SELECT * FROM `dp_admin_attachment` WHERE  `id` = 212 LIMIT 1 [ RunTime:0.000617s ]
[ sql ] [ SQL ] SELECT * FROM `dp_admin_attachment` WHERE  `id` = 217 LIMIT 1 [ RunTime:0.000435s ]
[ sql ] [ SQL ] SELECT * FROM `dp_admin_attachment` WHERE  `id` = 300 LIMIT 1 [ RunTime:0.000718s ]
[ sql ] [ SQL ] SELECT * FROM `dp_admin_attachment` WHERE  `id` = 305 LIMIT 1 [ RunTime:0.000530s ]
[ sql ] [ SQL ] SELECT * FROM `dp_admin_attachment` WHERE  `id` = 779 LIMIT 1 [ RunTime:0.000339s ]
[ sql ] [ SQL ] SELECT * FROM `dp_admin_attachment` WHERE  `id` = 1109 LIMIT 1 [ RunTime:0.000363s ]
[ sql ] [ SQL ] SELECT * FROM `dp_admin_attachment` WHERE  `id` = 1116 LIMIT 1 [ RunTime:0.000356s ]
